<?xml version="1.0" encoding="UTF-8"?>
<testsuite xmlns:xsi="http://www.w3.org/2001/XMLSchema-instance" xsi:noNamespaceSchemaLocation="https://maven.apache.org/surefire/maven-surefire-plugin/xsd/surefire-test-report.xsd" name="tests.SetupTest" time="92.711" tests="8" errors="0" skipped="0" failures="0">
  <properties>
[...]
</properties>
  <testcase name="creatNewUserAccount" classname="tests.SetupTest" time="13.979"/>
  <testcase name="testOpeningBrowserAndLoadingPage" classname="tests.SetupTest" time="7.094"/>
  <testcase name="testLogin" classname="tests.SetupTest" time="9.515"/>
  <testcase name="testAddProductToProductPage" classname="tests.SetupTest" time="10.195"/>
  <testcase name="testAcessCategoryTShirts" classname="tests.SetupTest" time="8.539"/>
  <testcase name="testAddProductToCartPage" classname="tests.SetupTest" time="13.647"/>
  <testcase name="testSearch" classname="tests.SetupTest" time="7.775"/>
  <testcase name="buyAProduct" classname="tests.SetupTest" time="21.664"/>
</testsuite>